\BOOKMARK [0][-]{chapter.1}{Introduction}{}% 1
\BOOKMARK [1][-]{section.1.1}{Purpose}{chapter.1}% 2
\BOOKMARK [1][-]{section.1.2}{Scope}{chapter.1}% 3
\BOOKMARK [1][-]{section.1.3}{Definitions, acronyms, abbreviations}{chapter.1}% 4
\BOOKMARK [2][-]{subsection.1.3.1}{Definitions}{section.1.3}% 5
\BOOKMARK [2][-]{subsection.1.3.2}{Acronyms and abbreviations}{section.1.3}% 6
\BOOKMARK [1][-]{section.1.4}{Reference documents}{chapter.1}% 7
\BOOKMARK [1][-]{section.1.5}{Overview}{chapter.1}% 8
\BOOKMARK [0][-]{chapter.2}{Overall Description}{}% 9
\BOOKMARK [1][-]{section.2.1}{Product perspective}{chapter.2}% 10
\BOOKMARK [2][-]{subsection.2.1.1}{System interfaces}{section.2.1}% 11
\BOOKMARK [2][-]{subsection.2.1.2}{User interfaces}{section.2.1}% 12
\BOOKMARK [2][-]{subsection.2.1.3}{Hardware interfaces}{section.2.1}% 13
\BOOKMARK [2][-]{subsection.2.1.4}{Software interfaces}{section.2.1}% 14
\BOOKMARK [2][-]{subsection.2.1.5}{Communications interfaces}{section.2.1}% 15
\BOOKMARK [2][-]{subsection.2.1.6}{Memory}{section.2.1}% 16
\BOOKMARK [2][-]{subsection.2.1.7}{Operations}{section.2.1}% 17
\BOOKMARK [2][-]{subsection.2.1.8}{Site adaptation requirements}{section.2.1}% 18
\BOOKMARK [1][-]{section.2.2}{Product functions}{chapter.2}% 19
\BOOKMARK [2][-]{subsection.2.2.1}{General requirements}{section.2.2}% 20
\BOOKMARK [1][-]{section.2.3}{User characteristics}{chapter.2}% 21
\BOOKMARK [1][-]{section.2.4}{Constraints}{chapter.2}% 22
\BOOKMARK [1][-]{section.2.5}{Assumptions and Dependencies}{chapter.2}% 23
\BOOKMARK [1][-]{section.2.6}{Apportioning of requirements}{chapter.2}% 24
\BOOKMARK [0][-]{chapter.3}{Specific Requirements}{}% 25
\BOOKMARK [1][-]{section.3.1}{External Interface Requirements}{chapter.3}% 26
\BOOKMARK [2][-]{subsection.3.1.1}{User Interfaces}{section.3.1}% 27
\BOOKMARK [2][-]{subsection.3.1.2}{Hardware Interfaces}{section.3.1}% 28
\BOOKMARK [2][-]{subsection.3.1.3}{Software Interfaces}{section.3.1}% 29
\BOOKMARK [2][-]{subsection.3.1.4}{Communication Interfaces}{section.3.1}% 30
\BOOKMARK [1][-]{section.3.2}{Functional Requirements}{chapter.3}% 31
\BOOKMARK [2][-]{subsection.3.2.1}{Scenarios}{section.3.2}% 32
\BOOKMARK [2][-]{subsection.3.2.2}{Analysis model}{section.3.2}% 33
\BOOKMARK [2][-]{subsection.3.2.3}{Activity model}{section.3.2}% 34
\BOOKMARK [2][-]{subsection.3.2.4}{Use case model}{section.3.2}% 35
\BOOKMARK [1][-]{section.3.3}{Performance Requirements}{chapter.3}% 36
\BOOKMARK [1][-]{section.3.4}{Design Constraints}{chapter.3}% 37
\BOOKMARK [1][-]{section.3.5}{Software System Attributes}{chapter.3}% 38
\BOOKMARK [2][-]{subsection.3.5.1}{Reliability}{section.3.5}% 39
\BOOKMARK [2][-]{subsection.3.5.2}{Availability}{section.3.5}% 40
\BOOKMARK [2][-]{subsection.3.5.3}{Security}{section.3.5}% 41
\BOOKMARK [2][-]{subsection.3.5.4}{Maintainability}{section.3.5}% 42
\BOOKMARK [2][-]{subsection.3.5.5}{Portability}{section.3.5}% 43
\BOOKMARK [1][-]{section.3.6}{Other Requirements}{chapter.3}% 44
