\BOOKMARK [0][-]{chapter.1}{Introduction}{}% 1
\BOOKMARK [1][-]{section.1.1}{Purpose}{chapter.1}% 2
\BOOKMARK [1][-]{section.1.2}{Scope}{chapter.1}% 3
\BOOKMARK [1][-]{section.1.3}{Definitions, acronyms, abbreviations}{chapter.1}% 4
\BOOKMARK [2][-]{subsection.1.3.1}{Definitions}{section.1.3}% 5
\BOOKMARK [2][-]{subsection.1.3.2}{Acronyms and abbreviations}{section.1.3}% 6
\BOOKMARK [1][-]{section.1.4}{Reference documents}{chapter.1}% 7
\BOOKMARK [1][-]{section.1.5}{Overview}{chapter.1}% 8
\BOOKMARK [0][-]{chapter.2}{Design Overview}{}% 9
\BOOKMARK [1][-]{section.2.1}{Design context}{chapter.2}% 10
\BOOKMARK [2][-]{subsection.2.1.1}{Functionalities}{section.2.1}% 11
\BOOKMARK [2][-]{subsection.2.1.2}{System technologies}{section.2.1}% 12
\BOOKMARK [1][-]{section.2.2}{General design description}{chapter.2}% 13
\BOOKMARK [2][-]{subsection.2.2.1}{Design approach}{section.2.2}% 14
\BOOKMARK [2][-]{subsection.2.2.2}{Overall design}{section.2.2}% 15
\BOOKMARK [0][-]{chapter.3}{Design Consideration}{}% 16
\BOOKMARK [1][-]{section.3.1}{Assumptions}{chapter.3}% 17
\BOOKMARK [1][-]{section.3.2}{Dependencies}{chapter.3}% 18
\BOOKMARK [1][-]{section.3.3}{General constraints}{chapter.3}% 19
\BOOKMARK [1][-]{section.3.4}{Performance requirements}{chapter.3}% 20
\BOOKMARK [2][-]{subsection.3.4.1}{Standard compliance}{section.3.4}% 21
\BOOKMARK [2][-]{subsection.3.4.2}{Reliability}{section.3.4}% 22
\BOOKMARK [2][-]{subsection.3.4.3}{Availability}{section.3.4}% 23
\BOOKMARK [2][-]{subsection.3.4.4}{Security}{section.3.4}% 24
\BOOKMARK [2][-]{subsection.3.4.5}{Maintainability}{section.3.4}% 25
\BOOKMARK [2][-]{subsection.3.4.6}{Portability}{section.3.4}% 26
\BOOKMARK [0][-]{chapter.4}{Software Architecture}{}% 27
\BOOKMARK [1][-]{section.4.1}{Conceptual design}{chapter.4}% 28
\BOOKMARK [2][-]{subsection.4.1.1}{Client tier}{section.4.1}% 29
\BOOKMARK [2][-]{subsection.4.1.2}{Web tier}{section.4.1}% 30
\BOOKMARK [2][-]{subsection.4.1.3}{Business logic tier}{section.4.1}% 31
\BOOKMARK [2][-]{subsection.4.1.4}{Persistence tier}{section.4.1}% 32
\BOOKMARK [2][-]{subsection.4.1.5}{Database}{section.4.1}% 33
\BOOKMARK [1][-]{section.4.2}{System specification}{chapter.4}% 34
\BOOKMARK [0][-]{chapter.5}{Detailed Software Design}{}% 35
\BOOKMARK [1][-]{section.5.1}{Implementation modules/components}{chapter.5}% 36
\BOOKMARK [2][-]{subsection.5.1.1}{Web component}{section.5.1}% 37
\BOOKMARK [2][-]{subsection.5.1.2}{Business logic component}{section.5.1}% 38
\BOOKMARK [2][-]{subsection.5.1.3}{Persistence component}{section.5.1}% 39
\BOOKMARK [1][-]{section.5.2}{Database model}{chapter.5}% 40
\BOOKMARK [2][-]{subsection.5.2.1}{Conceptual design}{section.5.2}% 41
\BOOKMARK [2][-]{subsection.5.2.2}{Logical design}{section.5.2}% 42
\BOOKMARK [1][-]{section.5.3}{Web site organization}{chapter.5}% 43
\BOOKMARK [1][-]{section.5.4}{Runtime view}{chapter.5}% 44
\BOOKMARK [1][-]{section.5.5}{Deployment view}{chapter.5}% 45
\BOOKMARK [1][-]{section.5.6}{Module view}{chapter.5}% 46
\BOOKMARK [0][-]{chapter.6}{Appendixes}{}% 47
\BOOKMARK [1][-]{section.6.1}{RASD modification}{chapter.6}% 48
